#
# There is insufficient memory for the Java Runtime Environment to continue.
# Native memory allocation (malloc) failed to allocate 1337136 bytes for Chunk::new
# Possible reasons:
#   The system is out of physical RAM or swap space
#   The process is running with CompressedOops enabled, and the Java Heap may be blocking the growth of the native heap
# Possible solutions:
#   Reduce memory load on the system
#   Increase physical memory or swap space
#   Check if swap backing store is full
#   Decrease Java heap size (-Xmx/-Xms)
#   Decrease number of Java threads
#   Decrease Java thread stack sizes (-Xss)
#   Set larger code cache with -XX:ReservedCodeCacheSize=
#   JVM is running with Unscaled Compressed Oops mode in which the Java heap is
#     placed in the first 4GB address space. The Java Heap base address is the
#     maximum limit for the native heap growth. Please use -XX:HeapBaseMinAddress
#     to set the Java Heap base and to place the Java Heap above 4GB virtual address.
# This output file may be truncated or incomplete.
#
#  Out of Memory Error (allocation.cpp:389), pid=18444, tid=0x0000000000005f70
#
# JRE version: OpenJDK Runtime Environment (8.0_202-b03) (build 1.8.0_202-release-1483-b03)
# Java VM: OpenJDK 64-Bit Server VM (25.202-b03 mixed mode windows-amd64 compressed oops)
# Failed to write core dump. Minidumps are not enabled by default on client versions of Windows
#

---------------  T H R E A D  ---------------

Current thread (0x000000001861a000):  JavaThread "C2 CompilerThread0" daemon [_thread_in_native, id=24432, stack(0x0000000018ee0000,0x0000000018fe0000)]

Stack: [0x0000000018ee0000,0x0000000018fe0000]
[error occurred during error reporting (printing stack bounds), id 0xc0000005]

Native frames: (J=compiled Java code, j=interpreted, Vv=VM code, C=native code)


Current CompileTask:
C2:  24587 6721       4       java.net.URLClassLoader$1::run (5 bytes)


---------------  P R O C E S S  ---------------

Java Threads: ( => current thread )
  0x000000001e034000 JavaThread "Cache worker for execution history cache (C:\Users\62813\AndroidStudioProjects\MovieCatalogSubmission2\MovieCatalogSubmission2\.gradle\5.4.1\executionHistory)" [_thread_blocked, id=17640, stack(0x0000000024250000,0x0000000024350000)]
  0x000000001e02a800 JavaThread "Execution worker for ':' Thread 7" [_thread_blocked, id=23792, stack(0x0000000024050000,0x0000000024150000)]
  0x000000001e030800 JavaThread "Execution worker for ':' Thread 6" [_thread_blocked, id=14920, stack(0x0000000023f50000,0x0000000024050000)]
  0x000000001e02c000 JavaThread "Execution worker for ':' Thread 5" [_thread_blocked, id=29664, stack(0x0000000023e50000,0x0000000023f50000)]
  0x000000001e02f800 JavaThread "Execution worker for ':' Thread 4" [_thread_blocked, id=17848, stack(0x0000000023d50000,0x0000000023e50000)]
  0x000000001e02c800 JavaThread "Execution worker for ':' Thread 3" [_thread_blocked, id=2260, stack(0x0000000023c50000,0x0000000023d50000)]
  0x000000001e02b000 JavaThread "Execution worker for ':' Thread 2" [_thread_blocked, id=10860, stack(0x0000000023b50000,0x0000000023c50000)]
  0x000000001e031000 JavaThread "Execution worker for ':'" [_thread_in_native, id=26032, stack(0x0000000023a50000,0x0000000023b50000)]
  0x000000001e02e000 JavaThread "Cache worker for file content cache (C:\Users\62813\AndroidStudioProjects\MovieCatalogSubmission2\MovieCatalogSubmission2\.gradle\5.4.1\fileContent)" [_thread_blocked, id=22468, stack(0x0000000023550000,0x0000000023650000)]
  0x000000001d261800 JavaThread "Cache worker for file content cache (C:\Users\62813\.gradle\caches\5.4.1\fileContent)" [_thread_blocked, id=25792, stack(0x0000000023450000,0x0000000023550000)]
  0x000000001d260800 JavaThread "Memory manager" [_thread_blocked, id=5700, stack(0x0000000023150000,0x0000000023250000)]
  0x000000001d264800 JavaThread "Cache worker for Build Output Cleanup Cache (C:\Users\62813\AndroidStudioProjects\MovieCatalogSubmission2\MovieCatalogSubmission2\.gradle\buildOutputCleanup)" [_thread_blocked, id=12312, stack(0x0000000022850000,0x0000000022950000)]
  0x000000001d267000 JavaThread "pool-1-thread-1" [_thread_blocked, id=24736, stack(0x0000000022300000,0x0000000022400000)]
  0x000000001d263000 JavaThread "Build operations Thread 8" [_thread_blocked, id=20876, stack(0x0000000021030000,0x0000000021130000)]
  0x000000001d259000 JavaThread "Build operations Thread 7" [_thread_blocked, id=25980, stack(0x0000000020f30000,0x0000000021030000)]
  0x000000001d25c000 JavaThread "Build operations Thread 6" [_thread_blocked, id=8908, stack(0x0000000020e30000,0x0000000020f30000)]
  0x000000001d260000 JavaThread "Build operations Thread 5" [_thread_blocked, id=14876, stack(0x0000000020d30000,0x0000000020e30000)]
  0x000000001d25f000 JavaThread "Build operations Thread 4" [_thread_blocked, id=28032, stack(0x0000000020c30000,0x0000000020d30000)]
  0x000000001d25e800 JavaThread "Build operations Thread 3" [_thread_blocked, id=26176, stack(0x0000000020b30000,0x0000000020c30000)]
  0x000000001d25b800 JavaThread "Build operations Thread 2" [_thread_blocked, id=29108, stack(0x0000000020a30000,0x0000000020b30000)]
  0x000000001d25a800 JavaThread "Build operations" [_thread_blocked, id=5076, stack(0x0000000020930000,0x0000000020a30000)]
  0x000000001d25d800 JavaThread "Cache worker for execution history cache (C:\Users\62813\.gradle\caches\5.4.1\executionHistory)" [_thread_blocked, id=21116, stack(0x0000000020830000,0x0000000020930000)]
  0x000000001d257800 JavaThread "Cache worker for cache directory md-rule (C:\Users\62813\.gradle\caches\5.4.1\md-rule)" [_thread_blocked, id=29140, stack(0x00000000204a0000,0x00000000205a0000)]
  0x000000001d258800 JavaThread "Cache worker for cache directory md-supplier (C:\Users\62813\.gradle\caches\5.4.1\md-supplier)" [_thread_blocked, id=19432, stack(0x00000000203a0000,0x00000000204a0000)]
  0x000000001a149000 JavaThread "Cache worker for file hash cache (C:\Users\62813\AndroidStudioProjects\MovieCatalogSubmission2\MovieCatalogSubmission2\.gradle\5.4.1\fileHashes)" [_thread_blocked, id=22852, stack(0x000000001f6a0000,0x000000001f7a0000)]
  0x000000001a148800 JavaThread "Cache worker for journal cache (C:\Users\62813\.gradle\caches\journal-1)" [_thread_blocked, id=26088, stack(0x000000001c230000,0x000000001c330000)]
  0x000000001a147800 JavaThread "File lock request listener" [_thread_in_native, id=10608, stack(0x000000001c130000,0x000000001c230000)]
  0x000000001a8ed000 JavaThread "Cache worker for file hash cache (C:\Users\62813\.gradle\caches\5.4.1\fileHashes)" [_thread_blocked, id=26632, stack(0x000000001c030000,0x000000001c130000)]
  0x000000001a872000 JavaThread "Thread-9" [_thread_blocked, id=5156, stack(0x000000001bf30000,0x000000001c030000)]
  0x000000001a869000 JavaThread "Stdin handler" [_thread_blocked, id=26888, stack(0x000000001be30000,0x000000001bf30000)]
  0x000000001a868000 JavaThread "Asynchronous log dispatcher for DefaultDaemonConnection: socket connection from /127.0.0.1:57386 to /127.0.0.1:57387" [_thread_blocked, id=1680, stack(0x000000001bd30000,0x000000001be30000)]
  0x000000001a87b000 JavaThread "Daemon worker" [_thread_in_native, id=28084, stack(0x000000001bb30000,0x000000001bc30000)]
  0x000000001a87a000 JavaThread "Cancel handler" [_thread_blocked, id=20572, stack(0x000000001ba30000,0x000000001bb30000)]
  0x000000001a85b000 JavaThread "Handler for socket connection from /127.0.0.1:57386 to /127.0.0.1:57387" [_thread_in_native, id=26856, stack(0x000000001b730000,0x000000001b830000)]
  0x000000001a855800 JavaThread "Daemon" [_thread_blocked, id=448, stack(0x000000001b630000,0x000000001b730000)]
  0x0000000018948000 JavaThread "Daemon periodic checks" [_thread_blocked, id=23300, stack(0x000000001b530000,0x000000001b630000)]
  0x000000001a456000 JavaThread "Incoming local TCP Connector on port 57386" [_thread_in_native, id=5016, stack(0x000000001b2f0000,0x000000001b3f0000)]
  0x0000000018936800 JavaThread "Daemon health stats" [_thread_blocked, id=756, stack(0x000000001acb0000,0x000000001adb0000)]
  0x00000000186bf000 JavaThread "Service Thread" daemon [_thread_blocked, id=24684, stack(0x00000000192e0000,0x00000000193e0000)]
  0x0000000018660000 JavaThread "C1 CompilerThread3" daemon [_thread_blocked, id=3696, stack(0x00000000191e0000,0x00000000192e0000)]
  0x000000001862c000 JavaThread "C2 CompilerThread2" daemon [_thread_in_native, id=23752, stack(0x00000000190e0000,0x00000000191e0000)]
  0x000000001683c800 JavaThread "C2 CompilerThread1" daemon [_thread_in_native, id=27816, stack(0x0000000018fe0000,0x00000000190e0000)]
=>0x000000001861a000 JavaThread "C2 CompilerThread0" daemon [_thread_in_native, id=24432, stack(0x0000000018ee0000,0x0000000018fe0000)]
  0x0000000018619000 JavaThread "Attach Listener" daemon [_thread_blocked, id=10692, stack(0x0000000018de0000,0x0000000018ee0000)]
  0x0000000018625800 JavaThread "Signal Dispatcher" daemon [_thread_blocked, id=11352, stack(0x0000000018ce0000,0x0000000018de0000)]
  0x0000000018610800 JavaThread "Finalizer" daemon [_thread_blocked, id=13548, stack(0x0000000018af0000,0x0000000018bf0000)]
  0x000000001682c800 JavaThread "Reference Handler" daemon [_thread_blocked, id=22204, stack(0x00000000189f0000,0x0000000018af0000)]
  0x000000000284e800 JavaThread "main" [_thread_blocked, id=7796, stack(0x0000000002870000,0x0000000002970000)]

Other Threads:
  0x0000000016826000 VMThread [stack: 0x00000000184f0000,0x00000000185f0000] [id=3260]
  0x00000000186c0000 WatcherThread [stack: 0x00000000193e0000,0x00000000194e0000] [id=17172]

VM state:not at safepoint (normal execution)

VM Mutex/Monitor currently owned by a thread: None

heap address: 0x00000000a0000000, size: 1536 MB, Compressed Oops mode: 32-bit
Narrow klass base: 0x0000000000000000, Narrow klass shift: 3
Compressed class space size: 1073741824 Address: 0x0000000100000000

Heap:
 PSYoungGen      total 107520K, used 57159K [0x00000000e0000000, 0x00000000e8f00000, 0x0000000100000000)
  eden space 93184K, 61% used [0x00000000e0000000,0x00000000e37d1c30,0x00000000e5b00000)
  from space 14336K, 0% used [0x00000000e5b00000,0x00000000e5b00000,0x00000000e6900000)
  to   space 14336K, 0% used [0x00000000e8100000,0x00000000e8100000,0x00000000e8f00000)
 ParOldGen       total 140800K, used 31626K [0x00000000a0000000, 0x00000000a8980000, 0x00000000e0000000)
  object space 140800K, 22% used [0x00000000a0000000,0x00000000a1ee2a90,0x00000000a8980000)
 Metaspace       used 57575K, capacity 59332K, committed 59904K, reserved 1101824K
  class space    used 7840K, capacity 8255K, committed 8448K, reserved 1048576K

Card table byte_map: [0x0000000011e30000,0x0000000012140000] byte_map_base: 0x0000000011930000

Marking Bits: (ParMarkBitMap*) 0x0000000064019f30
 Begin Bits: [0x0000000012b40000, 0x0000000014340000)
 End Bits:   [0x0000000014340000, 0x0000000015b40000)

Polling page: 0x0000000000eb0000

CodeCache: size=245760Kb used=19603Kb max_used=19603Kb free=226156Kb
 bounds [0x0000000002a70000, 0x0000000003db0000, 0x0000000011a70000]
 total_blobs=7072 nmethods=6287 adapters=699
 compilation: enabled

Compilation events (10 events):
Event: 24.580 Thread 0x0000000018660000 6949       3       java.util.stream.ReduceOps$3::getOpFlags (28 bytes)
Event: 24.581 Thread 0x0000000018660000 nmethod 6949 0x0000000003da2310 code [0x0000000003da2480, 0x0000000003da2768]
Event: 24.581 Thread 0x0000000018660000 6950       3       java.util.stream.ReduceOps$3::makeSink (5 bytes)
Event: 24.581 Thread 0x0000000018660000 nmethod 6950 0x0000000003da1c10 code [0x0000000003da1d80, 0x0000000003da2170]
Event: 24.581 Thread 0x0000000018660000 6951       3       java.util.stream.ReduceOps$3::makeSink (20 bytes)
Event: 24.582 Thread 0x0000000018660000 nmethod 6951 0x0000000003da8e10 code [0x0000000003da8f80, 0x0000000003da9290]
Event: 24.582 Thread 0x0000000018660000 6952       3       java.util.stream.ReduceOps$3ReducingSink::<init> (20 bytes)
Event: 24.582 Thread 0x0000000018660000 nmethod 6952 0x0000000003da93d0 code [0x0000000003da9540, 0x0000000003da9790]
Event: 24.582 Thread 0x0000000018660000 6953       3       java.util.stream.ReduceOps$Box::<init> (5 bytes)
Event: 24.583 Thread 0x0000000018660000 nmethod 6953 0x0000000003da1850 code [0x0000000003da19a0, 0x0000000003da1b50]

GC Heap History (10 events):
Event: 16.075 GC heap before
{Heap before GC invocations=14 (full 2):
 PSYoungGen      total 72192K, used 62464K [0x00000000e0000000, 0x00000000e6680000, 0x0000000100000000)
  eden space 62464K, 100% used [0x00000000e0000000,0x00000000e3d00000,0x00000000e3d00000)
  from space 9728K, 0% used [0x00000000e3d00000,0x00000000e3d00000,0x00000000e4680000)
  to   space 10240K, 0% used [0x00000000e5c80000,0x00000000e5c80000,0x00000000e6680000)
 ParOldGen       total 92672K, used 15951K [0x00000000a0000000, 0x00000000a5a80000, 0x00000000e0000000)
  object space 92672K, 17% used [0x00000000a0000000,0x00000000a0f93cb0,0x00000000a5a80000)
 Metaspace       used 42490K, capacity 43306K, committed 43392K, reserved 1087488K
  class space    used 5754K, capacity 5993K, committed 6016K, reserved 1048576K
Event: 16.094 GC heap after
Heap after GC invocations=14 (full 2):
 PSYoungGen      total 87552K, used 10238K [0x00000000e0000000, 0x00000000e6680000, 0x0000000100000000)
  eden space 77312K, 0% used [0x00000000e0000000,0x00000000e0000000,0x00000000e4b80000)
  from space 10240K, 99% used [0x00000000e5c80000,0x00000000e667f8b0,0x00000000e6680000)
  to   space 11264K, 0% used [0x00000000e5080000,0x00000000e5080000,0x00000000e5b80000)
 ParOldGen       total 92672K, used 16091K [0x00000000a0000000, 0x00000000a5a80000, 0x00000000e0000000)
  object space 92672K, 17% used [0x00000000a0000000,0x00000000a0fb6ec0,0x00000000a5a80000)
 Metaspace       used 42490K, capacity 43306K, committed 43392K, reserved 1087488K
  class space    used 5754K, capacity 5993K, committed 6016K, reserved 1048576K
}
Event: 19.020 GC heap before
{Heap before GC invocations=15 (full 2):
 PSYoungGen      total 87552K, used 87550K [0x00000000e0000000, 0x00000000e6680000, 0x0000000100000000)
  eden space 77312K, 100% used [0x00000000e0000000,0x00000000e4b80000,0x00000000e4b80000)
  from space 10240K, 99% used [0x00000000e5c80000,0x00000000e667f8b0,0x00000000e6680000)
  to   space 11264K, 0% used [0x00000000e5080000,0x00000000e5080000,0x00000000e5b80000)
 ParOldGen       total 92672K, used 16091K [0x00000000a0000000, 0x00000000a5a80000, 0x00000000e0000000)
  object space 92672K, 17% used [0x00000000a0000000,0x00000000a0fb6ec0,0x00000000a5a80000)
 Metaspace       used 49768K, capacity 51078K, committed 51200K, reserved 1093632K
  class space    used 6728K, capacity 7068K, committed 7168K, reserved 1048576K
Event: 19.044 GC heap after
Heap after GC invocations=15 (full 2):
 PSYoungGen      total 93696K, used 10224K [0x00000000e0000000, 0x00000000e7500000, 0x0000000100000000)
  eden space 82432K, 0% used [0x00000000e0000000,0x00000000e0000000,0x00000000e5080000)
  from space 11264K, 90% used [0x00000000e5080000,0x00000000e5a7c370,0x00000000e5b80000)
  to   space 12288K, 0% used [0x00000000e6900000,0x00000000e6900000,0x00000000e7500000)
 ParOldGen       total 92672K, used 19999K [0x00000000a0000000, 0x00000000a5a80000, 0x00000000e0000000)
  object space 92672K, 21% used [0x00000000a0000000,0x00000000a1387ec8,0x00000000a5a80000)
 Metaspace       used 49768K, capacity 51078K, committed 51200K, reserved 1093632K
  class space    used 6728K, capacity 7068K, committed 7168K, reserved 1048576K
}
Event: 21.956 GC heap before
{Heap before GC invocations=16 (full 2):
 PSYoungGen      total 93696K, used 92656K [0x00000000e0000000, 0x00000000e7500000, 0x0000000100000000)
  eden space 82432K, 100% used [0x00000000e0000000,0x00000000e5080000,0x00000000e5080000)
  from space 11264K, 90% used [0x00000000e5080000,0x00000000e5a7c370,0x00000000e5b80000)
  to   space 12288K, 0% used [0x00000000e6900000,0x00000000e6900000,0x00000000e7500000)
 ParOldGen       total 92672K, used 19999K [0x00000000a0000000, 0x00000000a5a80000, 0x00000000e0000000)
  object space 92672K, 21% used [0x00000000a0000000,0x00000000a1387ec8,0x00000000a5a80000)
 Metaspace       used 55440K, capacity 57088K, committed 57216K, reserved 1097728K
  class space    used 7559K, capacity 8017K, committed 8064K, reserved 1048576K
Event: 21.988 GC heap after
Heap after GC invocations=16 (full 2):
 PSYoungGen      total 105472K, used 12271K [0x00000000e0000000, 0x00000000e7f80000, 0x0000000100000000)
  eden space 93184K, 0% used [0x00000000e0000000,0x00000000e0000000,0x00000000e5b00000)
  from space 12288K, 99% used [0x00000000e6900000,0x00000000e74fbc58,0x00000000e7500000)
  to   space 14336K, 0% used [0x00000000e5b00000,0x00000000e5b00000,0x00000000e6900000)
 ParOldGen       total 92672K, used 21299K [0x00000000a0000000, 0x00000000a5a80000, 0x00000000e0000000)
  object space 92672K, 22% used [0x00000000a0000000,0x00000000a14ccd80,0x00000000a5a80000)
 Metaspace       used 55440K, capacity 57088K, committed 57216K, reserved 1097728K
  class space    used 7559K, capacity 8017K, committed 8064K, reserved 1048576K
}
Event: 22.964 GC heap before
{Heap before GC invocations=17 (full 2):
 PSYoungGen      total 105472K, used 53400K [0x00000000e0000000, 0x00000000e7f80000, 0x0000000100000000)
  eden space 93184K, 44% used [0x00000000e0000000,0x00000000e282a768,0x00000000e5b00000)
  from space 12288K, 99% used [0x00000000e6900000,0x00000000e74fbc58,0x00000000e7500000)
  to   space 14336K, 0% used [0x00000000e5b00000,0x00000000e5b00000,0x00000000e6900000)
 ParOldGen       total 92672K, used 21299K [0x00000000a0000000, 0x00000000a5a80000, 0x00000000e0000000)
  object space 92672K, 22% used [0x00000000a0000000,0x00000000a14ccd80,0x00000000a5a80000)
 Metaspace       used 56947K, capacity 59018K, committed 59096K, reserved 1099776K
  class space    used 7792K, capacity 8260K, committed 8320K, reserved 1048576K
Event: 22.983 GC heap after
Heap after GC invocations=17 (full 2):
 PSYoungGen      total 107520K, used 3946K [0x00000000e0000000, 0x00000000e8f00000, 0x0000000100000000)
  eden space 93184K, 0% used [0x00000000e0000000,0x00000000e0000000,0x00000000e5b00000)
  from space 14336K, 27% used [0x00000000e5b00000,0x00000000e5eda978,0x00000000e6900000)
  to   space 14336K, 0% used [0x00000000e8100000,0x00000000e8100000,0x00000000e8f00000)
 ParOldGen       total 92672K, used 30795K [0x00000000a0000000, 0x00000000a5a80000, 0x00000000e0000000)
  object space 92672K, 33% used [0x00000000a0000000,0x00000000a1e12ff0,0x00000000a5a80000)
 Metaspace       used 56947K, capacity 59018K, committed 59096K, reserved 1099776K
  class space    used 7792K, capacity 8260K, committed 8320K, reserved 1048576K
}
Event: 22.983 GC heap before
{Heap before GC invocations=18 (full 3):
 PSYoungGen      total 107520K, used 3946K [0x00000000e0000000, 0x00000000e8f00000, 0x0000000100000000)
  eden space 93184K, 0% used [0x00000000e0000000,0x00000000e0000000,0x00000000e5b00000)
  from space 14336K, 27% used [0x00000000e5b00000,0x00000000e5eda978,0x00000000e6900000)
  to   space 14336K, 0% used [0x00000000e8100000,0x00000000e8100000,0x00000000e8f00000)
 ParOldGen       total 92672K, used 30795K [0x00000000a0000000, 0x00000000a5a80000, 0x00000000e0000000)
  object space 92672K, 33% used [0x00000000a0000000,0x00000000a1e12ff0,0x00000000a5a80000)
 Metaspace       used 56947K, capacity 59018K, committed 59096K, reserved 1099776K
  class space    used 7792K, capacity 8260K, committed 8320K, reserved 1048576K
Event: 23.424 GC heap after
Heap after GC invocations=18 (full 3):
 PSYoungGen      total 107520K, used 0K [0x00000000e0000000, 0x00000000e8f00000, 0x0000000100000000)
  eden space 93184K, 0% used [0x00000000e0000000,0x00000000e0000000,0x00000000e5b00000)
  from space 14336K, 0% used [0x00000000e5b00000,0x00000000e5b00000,0x00000000e6900000)
  to   space 14336K, 0% used [0x00000000e8100000,0x00000000e8100000,0x00000000e8f00000)
 ParOldGen       total 140800K, used 31626K [0x00000000a0000000, 0x00000000a8980000, 0x00000000e0000000)
  object space 140800K, 22% used [0x00000000a0000000,0x00000000a1ee2a90,0x00000000a8980000)
 Metaspace       used 56782K, capacity 58522K, committed 59096K, reserved 1099776K
  class space    used 7742K, capacity 8172K, committed 8320K, reserved 1048576K
}

Deoptimization events (10 events):
Event: 22.515 Thread 0x000000001e02b000 Uncommon trap: reason=class_check action=maybe_recompile pc=0x00000000038c1c94 method=java.util.Collections$SetFromMap.remove(Ljava/lang/Object;)Z @ 5
Event: 22.515 Thread 0x000000001e030800 Uncommon trap: reason=class_check action=maybe_recompile pc=0x00000000038c1c94 method=java.util.Collections$SetFromMap.remove(Ljava/lang/Object;)Z @ 5
Event: 22.516 Thread 0x000000001e031000 Uncommon trap: reason=class_check action=maybe_recompile pc=0x00000000038c1c94 method=java.util.Collections$SetFromMap.remove(Ljava/lang/Object;)Z @ 5
Event: 22.586 Thread 0x000000001e030800 Uncommon trap: reason=unstable_if action=reinterpret pc=0x0000000003751d90 method=java.util.concurrent.ConcurrentHashMap.addCount(JI)V @ 34
Event: 22.588 Thread 0x000000001e030800 Uncommon trap: reason=unstable_if action=reinterpret pc=0x0000000002ee8d4c method=java.util.concurrent.ConcurrentHashMap.addCount(JI)V @ 7
Event: 24.030 Thread 0x000000001e031000 Uncommon trap: reason=class_check action=maybe_recompile pc=0x0000000003037a30 method=com.google.common.collect.NaturalOrdering.compare(Ljava/lang/Object;Ljava/lang/Object;)I @ 2
Event: 24.030 Thread 0x000000001e031000 Uncommon trap: reason=class_check action=maybe_recompile pc=0x0000000003037a30 method=com.google.common.collect.NaturalOrdering.compare(Ljava/lang/Object;Ljava/lang/Object;)I @ 2
Event: 24.055 Thread 0x000000001e031000 Uncommon trap: reason=unstable_if action=reinterpret pc=0x00000000039a36a8 method=java.util.regex.Pattern$GroupTail.match(Ljava/util/regex/Matcher;ILjava/lang/CharSequence;)Z @ 73
Event: 24.523 Thread 0x000000001a87b000 Uncommon trap: reason=class_check action=maybe_recompile pc=0x0000000003037a30 method=com.google.common.collect.NaturalOrdering.compare(Ljava/lang/Object;Ljava/lang/Object;)I @ 2
Event: 24.523 Thread 0x000000001a87b000 Uncommon trap: reason=class_check action=maybe_recompile pc=0x0000000003037a30 method=com.google.common.collect.NaturalOrdering.compare(Ljava/lang/Object;Ljava/lang/Object;)I @ 2

Classes redefined (0 events):
No events

Internal exceptions (10 events):
Event: 19.535 Thread 0x000000001a87b000 Exception <a 'java/lang/NoSuchMethodError': java.lang.Object.lambda$static$4(Ljava/util/Set;Ljava/util/Set;)Z> (0x00000000e0e6eb70) thrown at [D:\src\AOSP-openjdk-cygwin\jdk8u\hotspot\src\share\vm\interpreter\linkResolver.cpp, line 620]
Event: 20.035 Thread 0x000000001a87b000 Exception <a 'java/lang/ClassNotFoundException': com/sun/org/glassfish/hk2/osgiresourcelocator/ServiceLoader> (0x00000000e1eb9790) thrown at [D:\src\AOSP-openjdk-cygwin\jdk8u\hotspot\src\share\vm\classfile\systemDictionary.cpp, line 210]
Event: 20.172 Thread 0x000000001a87b000 Exception <a 'java/lang/NullPointerException'> (0x00000000e2385780) thrown at [D:\src\AOSP-openjdk-cygwin\jdk8u\hotspot\src\share\vm\interpreter\linkResolver.cpp, line 1287]
Event: 23.731 Thread 0x000000001a872000 Exception <a 'java/lang/NoSuchMethodError': <clinit>> (0x00000000e10bf178) thrown at [D:\src\AOSP-openjdk-cygwin\jdk8u\hotspot\src\share\vm\prims\jni.cpp, line 1614]
Event: 23.735 Thread 0x000000001a872000 Exception <a 'java/lang/NoSuchMethodError': <clinit>> (0x00000000e10caf00) thrown at [D:\src\AOSP-openjdk-cygwin\jdk8u\hotspot\src\share\vm\prims\jni.cpp, line 1614]
Event: 23.737 Thread 0x000000001a872000 Exception <a 'java/lang/NoSuchMethodError': <clinit>> (0x00000000e10f1460) thrown at [D:\src\AOSP-openjdk-cygwin\jdk8u\hotspot\src\share\vm\prims\jni.cpp, line 1614]
Event: 23.812 Thread 0x000000001a872000 Exception <a 'java/lang/NoSuchMethodError': <clinit>> (0x00000000e1412ab8) thrown at [D:\src\AOSP-openjdk-cygwin\jdk8u\hotspot\src\share\vm\prims\jni.cpp, line 1614]
Event: 23.816 Thread 0x000000001a872000 Exception <a 'java/lang/NoSuchMethodError': <clinit>> (0x00000000e14242c8) thrown at [D:\src\AOSP-openjdk-cygwin\jdk8u\hotspot\src\share\vm\prims\jni.cpp, line 1614]
Event: 23.816 Thread 0x000000001a872000 Exception <a 'java/lang/NoSuchMethodError': <clinit>> (0x00000000e1425de0) thrown at [D:\src\AOSP-openjdk-cygwin\jdk8u\hotspot\src\share\vm\prims\jni.cpp, line 1614]
Event: 24.542 Thread 0x000000001a872000 Exception <a 'java/lang/NoSuchMethodError': <clinit>> (0x00000000e334aff8) thrown at [D:\src\AOSP-openjdk-cygwin\jdk8u\hotspot\src\share\vm\prims\jni.cpp, line 1614]

Events (10 events):
Event: 24.539 loading class org/gradle/cache/internal/DefaultMultiProcessSafePersistentIndexedCache$3
Event: 24.539 loading class org/gradle/cache/internal/DefaultMultiProcessSafePersistentIndexedCache$3 done
Event: 24.580 loading class org/gradle/api/internal/file/collections/DirectoryWalker
Event: 24.580 loading class org/gradle/api/internal/file/collections/DirectoryWalker done
Event: 24.581 loading class org/gradle/api/internal/file/collections/DefaultDirectoryWalkerFactory
Event: 24.581 loading class org/gradle/api/internal/file/collections/DefaultDirectoryWalkerFactory done
Event: 24.582 loading class org/gradle/internal/nativeintegration/services/FileSystems
Event: 24.582 loading class org/gradle/internal/nativeintegration/services/FileSystems done
Event: 24.583 loading class org/gradle/api/internal/file/collections/jdk7/Jdk7DirectoryWalker
Event: 24.583 loading class org/gradle/api/internal/file/collections/jdk7/Jdk7DirectoryWalker done


Dynamic libraries:
0x00007ff6acad0000 - 0x00007ff6acb01000 	C:\Program Files\Android\android-studio\jre\bin\java.exe
0x00007fff0d730000 - 0x00007fff0d911000 	C:\Windows\SYSTEM32\ntdll.dll
0x00007fff0b8b0000 - 0x00007fff0b961000 	C:\Windows\System32\KERNEL32.DLL
0x00007fff0a190000 - 0x00007fff0a403000 	C:\Windows\System32\KERNELBASE.dll
0x00007fff0b480000 - 0x00007fff0b521000 	C:\Windows\System32\ADVAPI32.dll
0x00007fff0b990000 - 0x00007fff0ba2e000 	C:\Windows\System32\msvcrt.dll
0x00007fff0bff0000 - 0x00007fff0c04b000 	C:\Windows\System32\sechost.dll
0x00007fff0b600000 - 0x00007fff0b724000 	C:\Windows\System32\RPCRT4.dll
0x00007fff0ba30000 - 0x00007fff0bbc0000 	C:\Windows\System32\USER32.dll
0x00007fff09c00000 - 0x00007fff09c20000 	C:\Windows\System32\win32u.dll
0x00007fff0d660000 - 0x00007fff0d688000 	C:\Windows\System32\GDI32.dll
0x00007fff09ec0000 - 0x00007fff0a051000 	C:\Windows\System32\gdi32full.dll
0x00007fff0a410000 - 0x00007fff0a4af000 	C:\Windows\System32\msvcp_win.dll
0x00007fff09b00000 - 0x00007fff09bf8000 	C:\Windows\System32\ucrtbase.dll
0x00007ffef7100000 - 0x00007ffef7369000 	C:\Windows\WinSxS\amd64_microsoft.windows.common-controls_6595b64144ccf1df_6.0.17134.885_none_fb42a3473065565f\COMCTL32.dll
0x00007fff0bcc0000 - 0x00007fff0bfe2000 	C:\Windows\System32\combase.dll
0x00007fff0a060000 - 0x00007fff0a0d9000 	C:\Windows\System32\bcryptPrimitives.dll
0x00007fff0b5d0000 - 0x00007fff0b5fd000 	C:\Windows\System32\IMM32.DLL
0x0000000061330000 - 0x0000000061402000 	C:\Program Files\Android\android-studio\jre\jre\bin\msvcr100.dll
0x0000000063850000 - 0x0000000064096000 	C:\Program Files\Android\android-studio\jre\jre\bin\server\jvm.dll
0x00007fff0bca0000 - 0x00007fff0bca8000 	C:\Windows\System32\PSAPI.DLL
0x00007fff04710000 - 0x00007fff0471a000 	C:\Windows\SYSTEM32\VERSION.dll
0x00007fff07600000 - 0x00007fff07609000 	C:\Windows\SYSTEM32\WSOCK32.dll
0x00007fff074e0000 - 0x00007fff07503000 	C:\Windows\SYSTEM32\WINMM.dll
0x00007fff0d490000 - 0x00007fff0d4fc000 	C:\Windows\System32\WS2_32.dll
0x00007fff074b0000 - 0x00007fff074da000 	C:\Windows\SYSTEM32\WINMMBASE.dll
0x00007fff09e70000 - 0x00007fff09eb9000 	C:\Windows\System32\cfgmgr32.dll
0x00007fff075f0000 - 0x00007fff075ff000 	C:\Program Files\Android\android-studio\jre\jre\bin\verify.dll
0x00007ffeffc10000 - 0x00007ffeffc39000 	C:\Program Files\Android\android-studio\jre\jre\bin\java.dll
0x00007fff02410000 - 0x00007fff02426000 	C:\Program Files\Android\android-studio\jre\jre\bin\zip.dll
0x00007fff0c050000 - 0x00007fff0d490000 	C:\Windows\System32\SHELL32.dll
0x00007fff0ad60000 - 0x00007fff0ae09000 	C:\Windows\System32\shcore.dll
0x00007fff0a4b0000 - 0x00007fff0abbd000 	C:\Windows\System32\windows.storage.dll
0x00007fff0d6a0000 - 0x00007fff0d6f1000 	C:\Windows\System32\shlwapi.dll
0x00007fff09aa0000 - 0x00007fff09ab1000 	C:\Windows\System32\kernel.appcore.dll
0x00007fff09ae0000 - 0x00007fff09aff000 	C:\Windows\System32\profapi.dll
0x00007fff09a40000 - 0x00007fff09a8c000 	C:\Windows\System32\powrprof.dll
0x00007fff09a90000 - 0x00007fff09a9a000 	C:\Windows\System32\FLTLIB.DLL
0x00007ffeffbc0000 - 0x00007ffeffbda000 	C:\Program Files\Android\android-studio\jre\jre\bin\net.dll
0x00007fff09210000 - 0x00007fff09276000 	C:\Windows\system32\mswsock.dll
0x00007ffeffba0000 - 0x00007ffeffbb1000 	C:\Program Files\Android\android-studio\jre\jre\bin\nio.dll
0x00007ffef0710000 - 0x00007ffef0736000 	C:\Users\62813\.gradle\native\29\windows-amd64\native-platform.dll
0x00007fff02380000 - 0x00007fff0238d000 	C:\Program Files\Android\android-studio\jre\jre\bin\management.dll
0x00007fff09400000 - 0x00007fff09417000 	C:\Windows\SYSTEM32\CRYPTSP.dll
0x00007fff08e10000 - 0x00007fff08e43000 	C:\Windows\system32\rsaenh.dll
0x00007fff09580000 - 0x00007fff095a5000 	C:\Windows\SYSTEM32\bcrypt.dll
0x00007fff09970000 - 0x00007fff09998000 	C:\Windows\SYSTEM32\USERENV.dll
0x00007fff09370000 - 0x00007fff0937b000 	C:\Windows\SYSTEM32\CRYPTBASE.dll
0x00007fff08fb0000 - 0x00007fff08fe8000 	C:\Windows\SYSTEM32\IPHLPAPI.DLL
0x00007fff0bcb0000 - 0x00007fff0bcb8000 	C:\Windows\System32\NSI.dll
0x00007fff033a0000 - 0x00007fff033b6000 	C:\Windows\SYSTEM32\dhcpcsvc6.DLL
0x00007fff03450000 - 0x00007fff0346a000 	C:\Windows\SYSTEM32\dhcpcsvc.DLL

VM Arguments:
jvm_args: -Xmx1536m -Dfile.encoding=windows-1252 -Duser.country=US -Duser.language=en -Duser.variant 
java_command: org.gradle.launcher.daemon.bootstrap.GradleDaemon 5.4.1
java_class_path (initial): C:\Users\62813\.gradle\wrapper\dists\gradle-5.4.1-all\3221gyojl5jsh0helicew7rwx\gradle-5.4.1\lib\gradle-launcher-5.4.1.jar
Launcher Type: SUN_STANDARD

Environment Variables:
JAVA_HOME=C:\Program Files\Java\jdk1.8.0_211
CLASSPATH=.;
PATH=C:\Python27\;C:\Python27\Scripts;C:\Windows\system32;C:\Windows;C:\Windows\System32\Wbem;C:\Windows\System32\WindowsPowerShell\v1.0\;C:\Windows\System32\OpenSSH\;C:\Program Files\Git\cmd;C:\Users\62813\AppData\Local\Android\Sdk;;C:\Program Files\Dart\dart-sdk\bin;C:\ProgramData\chocolatey\bin;C:\Program Files\nodejs\;C:\Program Files\Java\jdk1.8.0_211\bin;C:\Users\62813\AppData\Local\Microsoft\WindowsApps;C:\Users\62813\AppData\Local\Programs\Microsoft VS Code\bin;C:\Users\62813\AppData\Local\atom\bin;C:\Users\62813\AppData\Local\hyper\app-3.0.2\resources\bin;C:\Users\62813\AppData\Roaming\npm;C:\Users\62813\AppData\Local\Android\Sdk\platform-tools;
USERNAME=62813
OS=Windows_NT
PROCESSOR_IDENTIFIER=AMD64 Family 23 Model 17 Stepping 0, AuthenticAMD



---------------  S Y S T E M  ---------------

OS: Windows 10.0 , 64 bit Build 17134 (10.0.17134.753)

CPU:total 8 (initial active 8) (8 cores per cpu, 1 threads per core) family 23 model 17 stepping 0, cmov, cx8, fxsr, mmx, sse, sse2, sse3, ssse3, sse4.1, sse4.2, popcnt, avx, avx2, aes, clmul, mmxext, 3dnowpref, lzcnt, sse4a, tsc, tscinvbit, tscinv, bmi1

Memory: 4k page, physical 7920208k(318552k free), swap 32037456k(5416k free)

vm_info: OpenJDK 64-Bit Server VM (25.202-b03) for windows-amd64 JRE (1.8.0_202-release-1483-b03), built by "builder" with MS VC++ 10.0 (VS2010)

time: Sat Aug 10 17:06:13 2019
timezone: SE Asia Standard Time
elapsed time: 24 seconds (0d 0h 0m 24s)

